<?xml version="1.0" encoding="UTF-8"?>
<!-- Generated by org.testng.reporters.JUnitReportReporter -->
<testsuite hostname="Swetha_Ujjeli" failures="0" tests="1" name="Selenium_web.Selenium_web.Orangehrm" time="21.344" errors="0" timestamp="2025-10-15T15:34:14 IST" skipped="0">
  <testcase classname="Selenium_web.Selenium_web.Orangehrm" name="orange" time="21.344"/>
</testsuite> <!-- Selenium_web.Selenium_web.Orangehrm -->
