<?xml version="1.0" encoding="UTF-8"?>
<!-- Generated by org.testng.reporters.JUnitReportReporter -->
<testsuite hostname="Swetha_Ujjeli" failures="0" tests="1" name="Tests.CreateAdmin" time="40.490" errors="0" timestamp="2025-10-19T23:14:54 IST" skipped="0">
  <testcase classname="Tests.CreateAdmin" name="createAdminRole" time="40.490"/>
</testsuite> <!-- Tests.CreateAdmin -->
