<?xml version="1.0" encoding="UTF-8"?>
<!-- Generated by org.testng.reporters.JUnitReportReporter -->
<testsuite hostname="Swetha_Ujjeli" failures="0" tests="1" name="Tests.Myinfo" time="44.241" errors="0" timestamp="2025-10-20T13:50:26 IST" skipped="0">
  <testcase classname="Tests.Myinfo" name="updateInfo" time="44.241"/>
</testsuite> <!-- Tests.Myinfo -->
