<?xml version="1.0" encoding="UTF-8"?>
<!-- Generated by org.testng.reporters.JUnitReportReporter -->
<testsuite hostname="Swetha_Ujjeli" failures="0" tests="1" name="Login.orangehrm" time="20.992" errors="0" timestamp="2025-10-19T11:59:13 IST" skipped="0">
  <testcase classname="Login.orangehrm" name="verifyValidLogin" time="20.992"/>
</testsuite> <!-- Login.orangehrm -->
