<?xml version="1.0" encoding="UTF-8"?>
<!-- Generated by org.testng.reporters.JUnitReportReporter -->
<testsuite hostname="Swetha_Ujjeli" failures="0" tests="1" name="Login.myinfo" time="15.369" errors="0" timestamp="2025-10-19T12:00:09 IST" skipped="0">
  <testcase classname="Login.myinfo" name="verifyMyInfoAccess" time="15.369"/>
</testsuite> <!-- Login.myinfo -->
