<?xml version="1.0" encoding="UTF-8"?>
<!-- Generated by org.testng.reporters.JUnitReportReporter -->
<testsuite hostname="Swetha_Ujjeli" failures="0" tests="1" name="Tests.CreateAdmin" time="33.092" errors="0" timestamp="2025-10-20T12:38:18 IST" skipped="0">
  <testcase classname="Tests.CreateAdmin" name="createAdminRole" time="33.092"/>
</testsuite> <!-- Tests.CreateAdmin -->
